Analysis & Synthesis report for lab3_top
Wed Oct 16 15:50:18 2024
Quartus Prime Version 18.1.0 Build 625 09/12/2018 SJ Lite Edition


---------------------
; Table of Contents ;
---------------------
  1. Legal Notice
  2. Analysis & Synthesis Summary
  3. Analysis & Synthesis Settings
  4. Parallel Compilation
  5. Analysis & Synthesis Source Files Read
  6. Analysis & Synthesis Resource Usage Summary
  7. Analysis & Synthesis Resource Utilization by Entity
  8. User-Specified and Inferred Latches
  9. General Register Statistics
 10. Multiplexer Restructuring Statistics (Restructuring Performed)
 11. Post-Synthesis Netlist Statistics for Top Partition
 12. Elapsed Time Per Partition
 13. Analysis & Synthesis Messages
 14. Analysis & Synthesis Suppressed Messages



----------------
; Legal Notice ;
----------------
Copyright (C) 2018  Intel Corporation. All rights reserved.
Your use of Intel Corporation's design tools, logic functions 
and other software and tools, and its AMPP partner logic 
functions, and any output files from any of the foregoing 
(including device programming or simulation files), and any 
associated documentation or information are expressly subject 
to the terms and conditions of the Intel Program License 
Subscription Agreement, the Intel Quartus Prime License Agreement,
the Intel FPGA IP License Agreement, or other applicable license
agreement, including, without limitation, that your use is for
the sole purpose of programming logic devices manufactured by
Intel and sold by Intel or its authorized distributors.  Please
refer to the applicable agreement for further details.



+-------------------------------------------------------------------------------+
; Analysis & Synthesis Summary                                                  ;
+---------------------------------+---------------------------------------------+
; Analysis & Synthesis Status     ; Successful - Wed Oct 16 15:50:18 2024       ;
; Quartus Prime Version           ; 18.1.0 Build 625 09/12/2018 SJ Lite Edition ;
; Revision Name                   ; lab3_top                                    ;
; Top-level Entity Name           ; lab3_top                                    ;
; Family                          ; Cyclone V                                   ;
; Logic utilization (in ALMs)     ; N/A                                         ;
; Total registers                 ; 4                                           ;
; Total pins                      ; 66                                          ;
; Total virtual pins              ; 0                                           ;
; Total block memory bits         ; 0                                           ;
; Total DSP Blocks                ; 0                                           ;
; Total HSSI RX PCSs              ; 0                                           ;
; Total HSSI PMA RX Deserializers ; 0                                           ;
; Total HSSI TX PCSs              ; 0                                           ;
; Total HSSI PMA TX Serializers   ; 0                                           ;
; Total PLLs                      ; 0                                           ;
; Total DLLs                      ; 0                                           ;
+---------------------------------+---------------------------------------------+


+---------------------------------------------------------------------------------------------------------------------------+
; Analysis & Synthesis Settings                                                                                             ;
+---------------------------------------------------------------------------------+--------------------+--------------------+
; Option                                                                          ; Setting            ; Default Value      ;
+---------------------------------------------------------------------------------+--------------------+--------------------+
; Device                                                                          ; 5CGXFC7C7F23C8     ;                    ;
; Top-level entity name                                                           ; lab3_top           ; lab3_top           ;
; Family name                                                                     ; Cyclone V          ; Cyclone V          ;
; Use smart compilation                                                           ; Off                ; Off                ;
; Enable parallel Assembler and Timing Analyzer during compilation                ; On                 ; On                 ;
; Enable compact report table                                                     ; Off                ; Off                ;
; Restructure Multiplexers                                                        ; Auto               ; Auto               ;
; MLAB Add Timing Constraints For Mixed-Port Feed-Through Mode Setting Don't Care ; Off                ; Off                ;
; Create Debugging Nodes for IP Cores                                             ; Off                ; Off                ;
; Preserve fewer node names                                                       ; On                 ; On                 ;
; Intel FPGA IP Evaluation Mode                                                   ; Enable             ; Enable             ;
; Verilog Version                                                                 ; Verilog_2001       ; Verilog_2001       ;
; VHDL Version                                                                    ; VHDL_1993          ; VHDL_1993          ;
; State Machine Processing                                                        ; Auto               ; Auto               ;
; Safe State Machine                                                              ; Off                ; Off                ;
; Extract Verilog State Machines                                                  ; On                 ; On                 ;
; Extract VHDL State Machines                                                     ; On                 ; On                 ;
; Ignore Verilog initial constructs                                               ; Off                ; Off                ;
; Iteration limit for constant Verilog loops                                      ; 5000               ; 5000               ;
; Iteration limit for non-constant Verilog loops                                  ; 250                ; 250                ;
; Add Pass-Through Logic to Inferred RAMs                                         ; On                 ; On                 ;
; Infer RAMs from Raw Logic                                                       ; On                 ; On                 ;
; Parallel Synthesis                                                              ; On                 ; On                 ;
; DSP Block Balancing                                                             ; Auto               ; Auto               ;
; NOT Gate Push-Back                                                              ; On                 ; On                 ;
; Power-Up Don't Care                                                             ; On                 ; On                 ;
; Remove Redundant Logic Cells                                                    ; Off                ; Off                ;
; Remove Duplicate Registers                                                      ; On                 ; On                 ;
; Ignore CARRY Buffers                                                            ; Off                ; Off                ;
; Ignore CASCADE Buffers                                                          ; Off                ; Off                ;
; Ignore GLOBAL Buffers                                                           ; Off                ; Off                ;
; Ignore ROW GLOBAL Buffers                                                       ; Off                ; Off                ;
; Ignore LCELL Buffers                                                            ; Off                ; Off                ;
; Ignore SOFT Buffers                                                             ; On                 ; On                 ;
; Limit AHDL Integers to 32 Bits                                                  ; Off                ; Off                ;
; Optimization Technique                                                          ; Balanced           ; Balanced           ;
; Carry Chain Length                                                              ; 70                 ; 70                 ;
; Auto Carry Chains                                                               ; On                 ; On                 ;
; Auto Open-Drain Pins                                                            ; On                 ; On                 ;
; Perform WYSIWYG Primitive Resynthesis                                           ; Off                ; Off                ;
; Auto ROM Replacement                                                            ; On                 ; On                 ;
; Auto RAM Replacement                                                            ; On                 ; On                 ;
; Auto DSP Block Replacement                                                      ; On                 ; On                 ;
; Auto Shift Register Replacement                                                 ; Auto               ; Auto               ;
; Allow Shift Register Merging across Hierarchies                                 ; Auto               ; Auto               ;
; Auto Clock Enable Replacement                                                   ; On                 ; On                 ;
; Strict RAM Replacement                                                          ; Off                ; Off                ;
; Allow Synchronous Control Signals                                               ; On                 ; On                 ;
; Force Use of Synchronous Clear Signals                                          ; Off                ; Off                ;
; Auto Resource Sharing                                                           ; Off                ; Off                ;
; Allow Any RAM Size For Recognition                                              ; Off                ; Off                ;
; Allow Any ROM Size For Recognition                                              ; Off                ; Off                ;
; Allow Any Shift Register Size For Recognition                                   ; Off                ; Off                ;
; Use LogicLock Constraints during Resource Balancing                             ; On                 ; On                 ;
; Ignore translate_off and synthesis_off directives                               ; Off                ; Off                ;
; Timing-Driven Synthesis                                                         ; On                 ; On                 ;
; Report Parameter Settings                                                       ; On                 ; On                 ;
; Report Source Assignments                                                       ; On                 ; On                 ;
; Report Connectivity Checks                                                      ; On                 ; On                 ;
; Ignore Maximum Fan-Out Assignments                                              ; Off                ; Off                ;
; Synchronization Register Chain Length                                           ; 3                  ; 3                  ;
; Power Optimization During Synthesis                                             ; Normal compilation ; Normal compilation ;
; HDL message level                                                               ; Level2             ; Level2             ;
; Suppress Register Optimization Related Messages                                 ; Off                ; Off                ;
; Number of Removed Registers Reported in Synthesis Report                        ; 5000               ; 5000               ;
; Number of Swept Nodes Reported in Synthesis Report                              ; 5000               ; 5000               ;
; Number of Inverted Registers Reported in Synthesis Report                       ; 100                ; 100                ;
; Clock MUX Protection                                                            ; On                 ; On                 ;
; Auto Gated Clock Conversion                                                     ; Off                ; Off                ;
; Block Design Naming                                                             ; Auto               ; Auto               ;
; SDC constraint protection                                                       ; Off                ; Off                ;
; Synthesis Effort                                                                ; Auto               ; Auto               ;
; Shift Register Replacement - Allow Asynchronous Clear Signal                    ; On                 ; On                 ;
; Pre-Mapping Resynthesis Optimization                                            ; Off                ; Off                ;
; Analysis & Synthesis Message Level                                              ; Medium             ; Medium             ;
; Disable Register Merging Across Hierarchies                                     ; Auto               ; Auto               ;
; Resource Aware Inference For Block RAM                                          ; On                 ; On                 ;
; Automatic Parallel Synthesis                                                    ; On                 ; On                 ;
; Partial Reconfiguration Bitstream ID                                            ; Off                ; Off                ;
+---------------------------------------------------------------------------------+--------------------+--------------------+


+------------------------------------------+
; Parallel Compilation                     ;
+----------------------------+-------------+
; Processors                 ; Number      ;
+----------------------------+-------------+
; Number detected on machine ; 16          ;
; Maximum allowed            ; 16          ;
;                            ;             ;
; Average used               ; 1.00        ;
; Maximum used               ; 16          ;
;                            ;             ;
; Usage by Processor         ; % Time Used ;
;     Processor 1            ; 100.0%      ;
;     Processors 2-16        ;   0.0%      ;
+----------------------------+-------------+


+---------------------------------------------------------------------------------------------------------------------------------------------------------------------------------------+
; Analysis & Synthesis Source Files Read                                                                                                                                                ;
+----------------------------------+-----------------+------------------------------+-----------------------------------------------------------------------------------------+---------+
; File Name with User-Entered Path ; Used in Netlist ; File Type                    ; File Name with Absolute Path                                                            ; Library ;
+----------------------------------+-----------------+------------------------------+-----------------------------------------------------------------------------------------+---------+
; CPEN211Lab3/lab3_top.sv          ; yes             ; User SystemVerilog HDL File  ; C:/Users/tianx/Documents/GitHub/CPEN-Year-2/CPEN 211/Labs/Lab 3/CPEN211Lab3/lab3_top.sv ;         ;
+----------------------------------+-----------------+------------------------------+-----------------------------------------------------------------------------------------+---------+


+-----------------------------------------------------------+
; Analysis & Synthesis Resource Usage Summary               ;
+---------------------------------------------+-------------+
; Resource                                    ; Usage       ;
+---------------------------------------------+-------------+
; Estimate of Logic utilization (ALMs needed) ; 28          ;
;                                             ;             ;
; Combinational ALUT usage for logic          ; 45          ;
;     -- 7 input functions                    ; 2           ;
;     -- 6 input functions                    ; 8           ;
;     -- 5 input functions                    ; 11          ;
;     -- 4 input functions                    ; 17          ;
;     -- <=3 input functions                  ; 7           ;
;                                             ;             ;
; Dedicated logic registers                   ; 4           ;
;                                             ;             ;
; I/O pins                                    ; 66          ;
;                                             ;             ;
; Total DSP Blocks                            ; 0           ;
;                                             ;             ;
; Maximum fan-out node                        ; SW[2]~input ;
; Maximum fan-out                             ; 23          ;
; Total fan-out                               ; 319         ;
; Average fan-out                             ; 1.76        ;
+---------------------------------------------+-------------+


+----------------------------------------------------------------------------------------------------------------------------------------------------------------------------------------+
; Analysis & Synthesis Resource Utilization by Entity                                                                                                                                    ;
+----------------------------+---------------------+---------------------------+-------------------+------------+------+--------------+---------------------+-------------+--------------+
; Compilation Hierarchy Node ; Combinational ALUTs ; Dedicated Logic Registers ; Block Memory Bits ; DSP Blocks ; Pins ; Virtual Pins ; Full Hierarchy Name ; Entity Name ; Library Name ;
+----------------------------+---------------------+---------------------------+-------------------+------------+------+--------------+---------------------+-------------+--------------+
; |lab3_top                  ; 45 (12)             ; 4 (4)                     ; 0                 ; 0          ; 66   ; 0            ; |lab3_top           ; lab3_top    ; work         ;
;    |decoder:D|             ; 33 (33)             ; 0 (0)                     ; 0                 ; 0          ; 0    ; 0            ; |lab3_top|decoder:D ; decoder     ; work         ;
+----------------------------+---------------------+---------------------------+-------------------+------------+------+--------------+---------------------+-------------+--------------+
Note: For table entries with two numbers listed, the numbers in parentheses indicate the number of resources of the given type used by the specific entity alone. The numbers listed outside of parentheses indicate the total resources of the given type used by the specific entity and all of its sub-entities in the hierarchy.


+----------------------------------------------------------------------------------------------------+
; User-Specified and Inferred Latches                                                                ;
+-----------------------------------------------------+---------------------+------------------------+
; Latch Name                                          ; Latch Enable Signal ; Free of Timing Hazards ;
+-----------------------------------------------------+---------------------+------------------------+
; decoder:D|HEX4[0]                                   ; decoder:D|Equal1    ; yes                    ;
; decoder:D|HEX4[2]                                   ; decoder:D|Equal1    ; yes                    ;
; decoder:D|HEX4[3]                                   ; decoder:D|Equal1    ; yes                    ;
; decoder:D|HEX4[4]                                   ; decoder:D|Equal1    ; yes                    ;
; decoder:D|HEX4[5]                                   ; decoder:D|Equal1    ; yes                    ;
; decoder:D|HEX4[6]                                   ; decoder:D|Equal1    ; yes                    ;
; decoder:D|HEX5[0]                                   ; decoder:D|Equal1    ; yes                    ;
; decoder:D|HEX5[1]                                   ; decoder:D|Equal1    ; yes                    ;
; decoder:D|HEX5[2]                                   ; decoder:D|Equal1    ; yes                    ;
; decoder:D|HEX5[3]                                   ; decoder:D|Equal1    ; yes                    ;
; decoder:D|HEX5[4]                                   ; decoder:D|Equal1    ; yes                    ;
; decoder:D|HEX5[5]                                   ; decoder:D|Equal1    ; yes                    ;
; Number of user-specified and inferred latches = 12  ;                     ;                        ;
+-----------------------------------------------------+---------------------+------------------------+
Note: All latches listed above may not be present at the end of synthesis due to various synthesis optimizations.


+------------------------------------------------------+
; General Register Statistics                          ;
+----------------------------------------------+-------+
; Statistic                                    ; Value ;
+----------------------------------------------+-------+
; Total registers                              ; 4     ;
; Number of registers using Synchronous Clear  ; 0     ;
; Number of registers using Synchronous Load   ; 0     ;
; Number of registers using Asynchronous Clear ; 0     ;
; Number of registers using Asynchronous Load  ; 0     ;
; Number of registers using Clock Enable       ; 0     ;
; Number of registers using Preset             ; 0     ;
+----------------------------------------------+-------+


+-------------------------------------------------------------------------------------------------------------------------------------------+
; Multiplexer Restructuring Statistics (Restructuring Performed)                                                                            ;
+--------------------+-----------+---------------+----------------------+------------------------+------------+-----------------------------+
; Multiplexer Inputs ; Bus Width ; Baseline Area ; Area if Restructured ; Saving if Restructured ; Registered ; Example Multiplexer Output  ;
+--------------------+-----------+---------------+----------------------+------------------------+------------+-----------------------------+
; 3:1                ; 3 bits    ; 6 LEs         ; 3 LEs                ; 3 LEs                  ; No         ; |lab3_top|decoder:D|HEX1[0] ;
; 4:1                ; 5 bits    ; 10 LEs        ; 10 LEs               ; 0 LEs                  ; No         ; |lab3_top|decoder:D|HEX4[0] ;
+--------------------+-----------+---------------+----------------------+------------------------+------------+-----------------------------+


+-----------------------------------------------------+
; Post-Synthesis Netlist Statistics for Top Partition ;
+-----------------------+-----------------------------+
; Type                  ; Count                       ;
+-----------------------+-----------------------------+
; arriav_ff             ; 4                           ;
;     plain             ; 4                           ;
; arriav_lcell_comb     ; 54                          ;
;     extend            ; 2                           ;
;         7 data inputs ; 2                           ;
;     normal            ; 52                          ;
;         0 data inputs ; 2                           ;
;         1 data inputs ; 7                           ;
;         3 data inputs ; 7                           ;
;         4 data inputs ; 17                          ;
;         5 data inputs ; 11                          ;
;         6 data inputs ; 8                           ;
; boundary_port         ; 66                          ;
;                       ;                             ;
; Max LUT depth         ; 3.00                        ;
; Average LUT depth     ; 2.16                        ;
+-----------------------+-----------------------------+


+-------------------------------+
; Elapsed Time Per Partition    ;
+----------------+--------------+
; Partition Name ; Elapsed Time ;
+----------------+--------------+
; Top            ; 00:00:00     ;
+----------------+--------------+


+-------------------------------+
; Analysis & Synthesis Messages ;
+-------------------------------+
Info: *******************************************************************
Info: Running Quartus Prime Analysis & Synthesis
    Info: Version 18.1.0 Build 625 09/12/2018 SJ Lite Edition
    Info: Processing started: Wed Oct 16 15:50:12 2024
Info: Command: quartus_map --read_settings_files=on --write_settings_files=off lab3_top -c lab3_top
Warning (18236): Number of processors has not been specified which may cause overloading on shared machines.  Set the global assignment NUM_PARALLEL_PROCESSORS in your QSF to an appropriate value for best performance.
Info (20030): Parallel compilation is enabled and will use 16 of the 16 processors detected
Info (12021): Found 2 design units, including 2 entities, in source file cpen211lab3/lab3_top.sv
    Info (12023): Found entity 1: lab3_top File: C:/Users/tianx/Documents/GitHub/CPEN-Year-2/CPEN 211/Labs/Lab 3/CPEN211Lab3/lab3_top.sv Line: 47
    Info (12023): Found entity 2: decoder File: C:/Users/tianx/Documents/GitHub/CPEN-Year-2/CPEN 211/Labs/Lab 3/CPEN211Lab3/lab3_top.sv Line: 92
Warning (10236): Verilog HDL Implicit Net warning at lab3_top.sv(59): created implicit net for "rst" File: C:/Users/tianx/Documents/GitHub/CPEN-Year-2/CPEN 211/Labs/Lab 3/CPEN211Lab3/lab3_top.sv Line: 59
Info (12127): Elaborating entity "lab3_top" for the top level hierarchy
Warning (10034): Output port "LEDR" at lab3_top.sv(51) has no driver File: C:/Users/tianx/Documents/GitHub/CPEN-Year-2/CPEN 211/Labs/Lab 3/CPEN211Lab3/lab3_top.sv Line: 51
Info (12128): Elaborating entity "decoder" for hierarchy "decoder:D" File: C:/Users/tianx/Documents/GitHub/CPEN-Year-2/CPEN 211/Labs/Lab 3/CPEN211Lab3/lab3_top.sv Line: 61
Warning (10240): Verilog HDL Always Construct warning at lab3_top.sv(98): inferring latch(es) for variable "HEX0", which holds its previous value in one or more paths through the always construct File: C:/Users/tianx/Documents/GitHub/CPEN-Year-2/CPEN 211/Labs/Lab 3/CPEN211Lab3/lab3_top.sv Line: 98
Warning (10240): Verilog HDL Always Construct warning at lab3_top.sv(98): inferring latch(es) for variable "HEX4", which holds its previous value in one or more paths through the always construct File: C:/Users/tianx/Documents/GitHub/CPEN-Year-2/CPEN 211/Labs/Lab 3/CPEN211Lab3/lab3_top.sv Line: 98
Warning (10240): Verilog HDL Always Construct warning at lab3_top.sv(98): inferring latch(es) for variable "HEX5", which holds its previous value in one or more paths through the always construct File: C:/Users/tianx/Documents/GitHub/CPEN-Year-2/CPEN 211/Labs/Lab 3/CPEN211Lab3/lab3_top.sv Line: 98
Info (10041): Inferred latch for "HEX5[0]" at lab3_top.sv(98) File: C:/Users/tianx/Documents/GitHub/CPEN-Year-2/CPEN 211/Labs/Lab 3/CPEN211Lab3/lab3_top.sv Line: 98
Info (10041): Inferred latch for "HEX5[1]" at lab3_top.sv(98) File: C:/Users/tianx/Documents/GitHub/CPEN-Year-2/CPEN 211/Labs/Lab 3/CPEN211Lab3/lab3_top.sv Line: 98
Info (10041): Inferred latch for "HEX5[2]" at lab3_top.sv(98) File: C:/Users/tianx/Documents/GitHub/CPEN-Year-2/CPEN 211/Labs/Lab 3/CPEN211Lab3/lab3_top.sv Line: 98
Info (10041): Inferred latch for "HEX5[3]" at lab3_top.sv(98) File: C:/Users/tianx/Documents/GitHub/CPEN-Year-2/CPEN 211/Labs/Lab 3/CPEN211Lab3/lab3_top.sv Line: 98
Info (10041): Inferred latch for "HEX5[4]" at lab3_top.sv(98) File: C:/Users/tianx/Documents/GitHub/CPEN-Year-2/CPEN 211/Labs/Lab 3/CPEN211Lab3/lab3_top.sv Line: 98
Info (10041): Inferred latch for "HEX5[5]" at lab3_top.sv(98) File: C:/Users/tianx/Documents/GitHub/CPEN-Year-2/CPEN 211/Labs/Lab 3/CPEN211Lab3/lab3_top.sv Line: 98
Info (10041): Inferred latch for "HEX5[6]" at lab3_top.sv(98) File: C:/Users/tianx/Documents/GitHub/CPEN-Year-2/CPEN 211/Labs/Lab 3/CPEN211Lab3/lab3_top.sv Line: 98
Info (10041): Inferred latch for "HEX4[0]" at lab3_top.sv(122) File: C:/Users/tianx/Documents/GitHub/CPEN-Year-2/CPEN 211/Labs/Lab 3/CPEN211Lab3/lab3_top.sv Line: 122
Info (10041): Inferred latch for "HEX4[1]" at lab3_top.sv(122) File: C:/Users/tianx/Documents/GitHub/CPEN-Year-2/CPEN 211/Labs/Lab 3/CPEN211Lab3/lab3_top.sv Line: 122
Info (10041): Inferred latch for "HEX4[2]" at lab3_top.sv(122) File: C:/Users/tianx/Documents/GitHub/CPEN-Year-2/CPEN 211/Labs/Lab 3/CPEN211Lab3/lab3_top.sv Line: 122
Info (10041): Inferred latch for "HEX4[3]" at lab3_top.sv(122) File: C:/Users/tianx/Documents/GitHub/CPEN-Year-2/CPEN 211/Labs/Lab 3/CPEN211Lab3/lab3_top.sv Line: 122
Info (10041): Inferred latch for "HEX4[4]" at lab3_top.sv(122) File: C:/Users/tianx/Documents/GitHub/CPEN-Year-2/CPEN 211/Labs/Lab 3/CPEN211Lab3/lab3_top.sv Line: 122
Info (10041): Inferred latch for "HEX4[5]" at lab3_top.sv(122) File: C:/Users/tianx/Documents/GitHub/CPEN-Year-2/CPEN 211/Labs/Lab 3/CPEN211Lab3/lab3_top.sv Line: 122
Info (10041): Inferred latch for "HEX4[6]" at lab3_top.sv(122) File: C:/Users/tianx/Documents/GitHub/CPEN-Year-2/CPEN 211/Labs/Lab 3/CPEN211Lab3/lab3_top.sv Line: 122
Info (10041): Inferred latch for "HEX0[0]" at lab3_top.sv(122) File: C:/Users/tianx/Documents/GitHub/CPEN-Year-2/CPEN 211/Labs/Lab 3/CPEN211Lab3/lab3_top.sv Line: 122
Info (10041): Inferred latch for "HEX0[1]" at lab3_top.sv(122) File: C:/Users/tianx/Documents/GitHub/CPEN-Year-2/CPEN 211/Labs/Lab 3/CPEN211Lab3/lab3_top.sv Line: 122
Info (10041): Inferred latch for "HEX0[2]" at lab3_top.sv(122) File: C:/Users/tianx/Documents/GitHub/CPEN-Year-2/CPEN 211/Labs/Lab 3/CPEN211Lab3/lab3_top.sv Line: 122
Info (10041): Inferred latch for "HEX0[3]" at lab3_top.sv(122) File: C:/Users/tianx/Documents/GitHub/CPEN-Year-2/CPEN 211/Labs/Lab 3/CPEN211Lab3/lab3_top.sv Line: 122
Info (10041): Inferred latch for "HEX0[4]" at lab3_top.sv(122) File: C:/Users/tianx/Documents/GitHub/CPEN-Year-2/CPEN 211/Labs/Lab 3/CPEN211Lab3/lab3_top.sv Line: 122
Info (10041): Inferred latch for "HEX0[5]" at lab3_top.sv(122) File: C:/Users/tianx/Documents/GitHub/CPEN-Year-2/CPEN 211/Labs/Lab 3/CPEN211Lab3/lab3_top.sv Line: 122
Info (10041): Inferred latch for "HEX0[6]" at lab3_top.sv(122) File: C:/Users/tianx/Documents/GitHub/CPEN-Year-2/CPEN 211/Labs/Lab 3/CPEN211Lab3/lab3_top.sv Line: 122
Warning (14026): LATCH primitive "decoder:D|HEX0[0]" is permanently enabled File: C:/Users/tianx/Documents/GitHub/CPEN-Year-2/CPEN 211/Labs/Lab 3/CPEN211Lab3/lab3_top.sv Line: 122
Warning (14026): LATCH primitive "decoder:D|HEX0[1]" is permanently enabled File: C:/Users/tianx/Documents/GitHub/CPEN-Year-2/CPEN 211/Labs/Lab 3/CPEN211Lab3/lab3_top.sv Line: 122
Warning (14026): LATCH primitive "decoder:D|HEX0[2]" is permanently enabled File: C:/Users/tianx/Documents/GitHub/CPEN-Year-2/CPEN 211/Labs/Lab 3/CPEN211Lab3/lab3_top.sv Line: 122
Warning (14026): LATCH primitive "decoder:D|HEX0[3]" is permanently enabled File: C:/Users/tianx/Documents/GitHub/CPEN-Year-2/CPEN 211/Labs/Lab 3/CPEN211Lab3/lab3_top.sv Line: 122
Warning (14026): LATCH primitive "decoder:D|HEX0[4]" is permanently enabled File: C:/Users/tianx/Documents/GitHub/CPEN-Year-2/CPEN 211/Labs/Lab 3/CPEN211Lab3/lab3_top.sv Line: 122
Warning (14026): LATCH primitive "decoder:D|HEX0[5]" is permanently enabled File: C:/Users/tianx/Documents/GitHub/CPEN-Year-2/CPEN 211/Labs/Lab 3/CPEN211Lab3/lab3_top.sv Line: 122
Warning (14026): LATCH primitive "decoder:D|HEX0[6]" is permanently enabled File: C:/Users/tianx/Documents/GitHub/CPEN-Year-2/CPEN 211/Labs/Lab 3/CPEN211Lab3/lab3_top.sv Line: 122
Info (13025): Duplicate LATCH primitives merged into single LATCH primitive
    Info (13026): Duplicate LATCH primitive "decoder:D|HEX5[5]" merged with LATCH primitive "decoder:D|HEX5[0]" File: C:/Users/tianx/Documents/GitHub/CPEN-Year-2/CPEN 211/Labs/Lab 3/CPEN211Lab3/lab3_top.sv Line: 98
    Info (13026): Duplicate LATCH primitive "decoder:D|HEX5[4]" merged with LATCH primitive "decoder:D|HEX5[0]" File: C:/Users/tianx/Documents/GitHub/CPEN-Year-2/CPEN 211/Labs/Lab 3/CPEN211Lab3/lab3_top.sv Line: 98
    Info (13026): Duplicate LATCH primitive "decoder:D|HEX5[3]" merged with LATCH primitive "decoder:D|HEX5[0]" File: C:/Users/tianx/Documents/GitHub/CPEN-Year-2/CPEN 211/Labs/Lab 3/CPEN211Lab3/lab3_top.sv Line: 98
    Info (13026): Duplicate LATCH primitive "decoder:D|HEX5[2]" merged with LATCH primitive "decoder:D|HEX5[0]" File: C:/Users/tianx/Documents/GitHub/CPEN-Year-2/CPEN 211/Labs/Lab 3/CPEN211Lab3/lab3_top.sv Line: 98
    Info (13026): Duplicate LATCH primitive "decoder:D|HEX5[1]" merged with LATCH primitive "decoder:D|HEX5[0]" File: C:/Users/tianx/Documents/GitHub/CPEN-Year-2/CPEN 211/Labs/Lab 3/CPEN211Lab3/lab3_top.sv Line: 98
Warning (13012): Latch decoder:D|HEX4[0] has unsafe behavior File: C:/Users/tianx/Documents/GitHub/CPEN-Year-2/CPEN 211/Labs/Lab 3/CPEN211Lab3/lab3_top.sv Line: 122
    Warning (13013): Ports D and ENA on the latch are fed by the same signal State[2] File: C:/Users/tianx/Documents/GitHub/CPEN-Year-2/CPEN 211/Labs/Lab 3/CPEN211Lab3/lab3_top.sv Line: 63
Warning (13012): Latch decoder:D|HEX4[2] has unsafe behavior File: C:/Users/tianx/Documents/GitHub/CPEN-Year-2/CPEN 211/Labs/Lab 3/CPEN211Lab3/lab3_top.sv Line: 122
    Warning (13013): Ports D and ENA on the latch are fed by the same signal State[2] File: C:/Users/tianx/Documents/GitHub/CPEN-Year-2/CPEN 211/Labs/Lab 3/CPEN211Lab3/lab3_top.sv Line: 63
Warning (13012): Latch decoder:D|HEX4[3] has unsafe behavior File: C:/Users/tianx/Documents/GitHub/CPEN-Year-2/CPEN 211/Labs/Lab 3/CPEN211Lab3/lab3_top.sv Line: 122
    Warning (13013): Ports D and ENA on the latch are fed by the same signal State[2] File: C:/Users/tianx/Documents/GitHub/CPEN-Year-2/CPEN 211/Labs/Lab 3/CPEN211Lab3/lab3_top.sv Line: 63
Warning (13012): Latch decoder:D|HEX4[4] has unsafe behavior File: C:/Users/tianx/Documents/GitHub/CPEN-Year-2/CPEN 211/Labs/Lab 3/CPEN211Lab3/lab3_top.sv Line: 122
    Warning (13013): Ports D and ENA on the latch are fed by the same signal State[3] File: C:/Users/tianx/Documents/GitHub/CPEN-Year-2/CPEN 211/Labs/Lab 3/CPEN211Lab3/lab3_top.sv Line: 63
Warning (13012): Latch decoder:D|HEX4[5] has unsafe behavior File: C:/Users/tianx/Documents/GitHub/CPEN-Year-2/CPEN 211/Labs/Lab 3/CPEN211Lab3/lab3_top.sv Line: 122
    Warning (13013): Ports D and ENA on the latch are fed by the same signal State[2] File: C:/Users/tianx/Documents/GitHub/CPEN-Year-2/CPEN 211/Labs/Lab 3/CPEN211Lab3/lab3_top.sv Line: 63
Warning (13012): Latch decoder:D|HEX4[6] has unsafe behavior File: C:/Users/tianx/Documents/GitHub/CPEN-Year-2/CPEN 211/Labs/Lab 3/CPEN211Lab3/lab3_top.sv Line: 122
    Warning (13013): Ports D and ENA on the latch are fed by the same signal State[3] File: C:/Users/tianx/Documents/GitHub/CPEN-Year-2/CPEN 211/Labs/Lab 3/CPEN211Lab3/lab3_top.sv Line: 63
Warning (13012): Latch decoder:D|HEX5[0] has unsafe behavior File: C:/Users/tianx/Documents/GitHub/CPEN-Year-2/CPEN 211/Labs/Lab 3/CPEN211Lab3/lab3_top.sv Line: 98
    Warning (13013): Ports D and ENA on the latch are fed by the same signal State[3] File: C:/Users/tianx/Documents/GitHub/CPEN-Year-2/CPEN 211/Labs/Lab 3/CPEN211Lab3/lab3_top.sv Line: 63
Warning (13024): Output pins are stuck at VCC or GND
    Warning (13410): Pin "HEX1[2]" is stuck at VCC File: C:/Users/tianx/Documents/GitHub/CPEN-Year-2/CPEN 211/Labs/Lab 3/CPEN211Lab3/lab3_top.sv Line: 50
    Warning (13410): Pin "HEX4[1]" is stuck at VCC File: C:/Users/tianx/Documents/GitHub/CPEN-Year-2/CPEN 211/Labs/Lab 3/CPEN211Lab3/lab3_top.sv Line: 50
    Warning (13410): Pin "HEX5[6]" is stuck at VCC File: C:/Users/tianx/Documents/GitHub/CPEN-Year-2/CPEN 211/Labs/Lab 3/CPEN211Lab3/lab3_top.sv Line: 50
    Warning (13410): Pin "LEDR[0]" is stuck at GND File: C:/Users/tianx/Documents/GitHub/CPEN-Year-2/CPEN 211/Labs/Lab 3/CPEN211Lab3/lab3_top.sv Line: 51
    Warning (13410): Pin "LEDR[1]" is stuck at GND File: C:/Users/tianx/Documents/GitHub/CPEN-Year-2/CPEN 211/Labs/Lab 3/CPEN211Lab3/lab3_top.sv Line: 51
    Warning (13410): Pin "LEDR[2]" is stuck at GND File: C:/Users/tianx/Documents/GitHub/CPEN-Year-2/CPEN 211/Labs/Lab 3/CPEN211Lab3/lab3_top.sv Line: 51
    Warning (13410): Pin "LEDR[3]" is stuck at GND File: C:/Users/tianx/Documents/GitHub/CPEN-Year-2/CPEN 211/Labs/Lab 3/CPEN211Lab3/lab3_top.sv Line: 51
    Warning (13410): Pin "LEDR[4]" is stuck at GND File: C:/Users/tianx/Documents/GitHub/CPEN-Year-2/CPEN 211/Labs/Lab 3/CPEN211Lab3/lab3_top.sv Line: 51
    Warning (13410): Pin "LEDR[5]" is stuck at GND File: C:/Users/tianx/Documents/GitHub/CPEN-Year-2/CPEN 211/Labs/Lab 3/CPEN211Lab3/lab3_top.sv Line: 51
    Warning (13410): Pin "LEDR[6]" is stuck at GND File: C:/Users/tianx/Documents/GitHub/CPEN-Year-2/CPEN 211/Labs/Lab 3/CPEN211Lab3/lab3_top.sv Line: 51
    Warning (13410): Pin "LEDR[7]" is stuck at GND File: C:/Users/tianx/Documents/GitHub/CPEN-Year-2/CPEN 211/Labs/Lab 3/CPEN211Lab3/lab3_top.sv Line: 51
    Warning (13410): Pin "LEDR[8]" is stuck at GND File: C:/Users/tianx/Documents/GitHub/CPEN-Year-2/CPEN 211/Labs/Lab 3/CPEN211Lab3/lab3_top.sv Line: 51
    Warning (13410): Pin "LEDR[9]" is stuck at GND File: C:/Users/tianx/Documents/GitHub/CPEN-Year-2/CPEN 211/Labs/Lab 3/CPEN211Lab3/lab3_top.sv Line: 51
Info (286030): Timing-Driven Synthesis is running
Info (144001): Generated suppressed messages file C:/Users/tianx/Documents/GitHub/CPEN-Year-2/CPEN 211/Labs/Lab 3/output_files/lab3_top.map.smsg
Info (16010): Generating hard_block partition "hard_block:auto_generated_inst"
    Info (16011): Adding 0 node(s), including 0 DDIO, 0 PLL, 0 transceiver and 0 LCELL
Warning (21074): Design contains 8 input pin(s) that do not drive logic
    Warning (15610): No output dependent on input pin "SW[4]" File: C:/Users/tianx/Documents/GitHub/CPEN-Year-2/CPEN 211/Labs/Lab 3/CPEN211Lab3/lab3_top.sv Line: 48
    Warning (15610): No output dependent on input pin "SW[5]" File: C:/Users/tianx/Documents/GitHub/CPEN-Year-2/CPEN 211/Labs/Lab 3/CPEN211Lab3/lab3_top.sv Line: 48
    Warning (15610): No output dependent on input pin "SW[6]" File: C:/Users/tianx/Documents/GitHub/CPEN-Year-2/CPEN 211/Labs/Lab 3/CPEN211Lab3/lab3_top.sv Line: 48
    Warning (15610): No output dependent on input pin "SW[7]" File: C:/Users/tianx/Documents/GitHub/CPEN-Year-2/CPEN 211/Labs/Lab 3/CPEN211Lab3/lab3_top.sv Line: 48
    Warning (15610): No output dependent on input pin "SW[8]" File: C:/Users/tianx/Documents/GitHub/CPEN-Year-2/CPEN 211/Labs/Lab 3/CPEN211Lab3/lab3_top.sv Line: 48
    Warning (15610): No output dependent on input pin "SW[9]" File: C:/Users/tianx/Documents/GitHub/CPEN-Year-2/CPEN 211/Labs/Lab 3/CPEN211Lab3/lab3_top.sv Line: 48
    Warning (15610): No output dependent on input pin "KEY[1]" File: C:/Users/tianx/Documents/GitHub/CPEN-Year-2/CPEN 211/Labs/Lab 3/CPEN211Lab3/lab3_top.sv Line: 49
    Warning (15610): No output dependent on input pin "KEY[2]" File: C:/Users/tianx/Documents/GitHub/CPEN-Year-2/CPEN 211/Labs/Lab 3/CPEN211Lab3/lab3_top.sv Line: 49
Info (21057): Implemented 111 device resources after synthesis - the final resource count might be different
    Info (21058): Implemented 14 input pins
    Info (21059): Implemented 52 output pins
    Info (21061): Implemented 45 logic cells
Info: Quartus Prime Analysis & Synthesis was successful. 0 errors, 50 warnings
    Info: Peak virtual memory: 4914 megabytes
    Info: Processing ended: Wed Oct 16 15:50:18 2024
    Info: Elapsed time: 00:00:06
    Info: Total CPU time (on all processors): 00:00:05


+------------------------------------------+
; Analysis & Synthesis Suppressed Messages ;
+------------------------------------------+
The suppressed messages can be found in C:/Users/tianx/Documents/GitHub/CPEN-Year-2/CPEN 211/Labs/Lab 3/output_files/lab3_top.map.smsg.


